VR Setup_02/Temp/gradleOut/unityLibrary/build/intermediates/manifest_merge_blame_file/release/manifest-merger-blame-release-report.txt
1<?xml version="1.0" encoding="utf-8"?>
2<!-- GENERATED BY UNITY. REMOVE THIS COMMENT TO PREVENT OVERWRITING WHEN EXPORTING AGAIN -->
3<manifest xmlns:android="http://schemas.android.com/apk/res/android"
4    xmlns:tools="http://schemas.android.com/tools"
5    package="com.unity3d.player"
6    android:installLocation="auto"
7    android:versionCode="1"
8    android:versionName="0.1" >
9
10    <uses-sdk
11        android:minSdkVersion="23"
11-->src/main/AndroidManifest.xml
12        android:targetSdkVersion="29" />
12-->src/main/AndroidManifest.xml
13
14    <uses-feature android:glEsVersion="0x00030000" />
14-->src/main/AndroidManifest.xml:24:3-52
14-->src/main/AndroidManifest.xml:24:17-49
15
16    <uses-permission android:name="android.permission.INTERNET" />
16-->src/main/AndroidManifest.xml:25:3-65
16-->src/main/AndroidManifest.xml:25:20-62
17    <uses-permission android:name="android.permission.RECORD_AUDIO" />
17-->src/main/AndroidManifest.xml:26:3-69
17-->src/main/AndroidManifest.xml:26:20-66
18    <uses-permission android:name="android.permission.MODIFY_AUDIO_SETTINGS" />
18-->src/main/AndroidManifest.xml:27:3-78
18-->src/main/AndroidManifest.xml:27:20-75
19
20    <uses-feature
20-->src/main/AndroidManifest.xml:28:3-87
21        android:name="android.hardware.microphone"
21-->src/main/AndroidManifest.xml:28:17-59
22        android:required="false" />
22-->src/main/AndroidManifest.xml:28:60-84
23    <uses-feature
23-->src/main/AndroidManifest.xml:29:3-88
24        android:name="android.hardware.touchscreen"
24-->src/main/AndroidManifest.xml:29:17-60
25        android:required="false" />
25-->src/main/AndroidManifest.xml:29:61-85
26    <uses-feature
26-->src/main/AndroidManifest.xml:30:3-99
27        android:name="android.hardware.touchscreen.multitouch"
27-->src/main/AndroidManifest.xml:30:17-71
28        android:required="false" />
28-->src/main/AndroidManifest.xml:30:72-96
29    <uses-feature
29-->src/main/AndroidManifest.xml:31:3-108
30        android:name="android.hardware.touchscreen.multitouch.distinct"
30-->src/main/AndroidManifest.xml:31:17-80
31        android:required="false" />
31-->src/main/AndroidManifest.xml:31:81-105
32    <uses-feature
32-->src/main/AndroidManifest.xml:32:3-111
33        android:name="android.hardware.vr.headtracking"
33-->src/main/AndroidManifest.xml:32:17-64
34        android:required="true"
34-->src/main/AndroidManifest.xml:32:85-108
35        android:version="1" />
35-->src/main/AndroidManifest.xml:32:65-84
36    <uses-feature
36-->src/main/AndroidManifest.xml:33:3-88
37        android:name="oculus.software.handtracking"
37-->src/main/AndroidManifest.xml:33:17-60
38        android:required="false" />
38-->src/main/AndroidManifest.xml:33:61-85
39
40    <uses-permission android:name="com.oculus.permission.HAND_TRACKING" />
40-->src/main/AndroidManifest.xml:34:3-73
40-->src/main/AndroidManifest.xml:34:20-70
41
42    <application
42-->src/main/AndroidManifest.xml:4:3-23:17
43        android:allowBackup="false"
43-->src/main/AndroidManifest.xml:4:81-108
44        android:icon="@mipmap/app_icon"
44-->src/main/AndroidManifest.xml:4:49-80
45        android:label="@string/app_name"
45-->src/main/AndroidManifest.xml:4:16-48
46        android:networkSecurityConfig="@xml/network_sec_config" >
46-->src/main/AndroidManifest.xml:4:109-164
47        <activity
47-->src/main/AndroidManifest.xml:5:5-14:16
48            android:name="com.unity3d.player.UnityPlayerActivity"
48-->src/main/AndroidManifest.xml:5:15-68
49            android:configChanges="keyboard|keyboardHidden|navigation|orientation|screenLayout|screenSize|uiMode"
49-->src/main/AndroidManifest.xml:5:204-305
50            android:hardwareAccelerated="false"
50-->src/main/AndroidManifest.xml:5:306-341
51            android:launchMode="singleTask"
51-->src/main/AndroidManifest.xml:5:172-203
52            android:screenOrientation="landscape"
52-->src/main/AndroidManifest.xml:5:134-171
53            android:theme="@android:style/Theme.Black.NoTitleBar.Fullscreen" >
53-->src/main/AndroidManifest.xml:5:69-133
54            <intent-filter>
54-->src/main/AndroidManifest.xml:6:7-10:23
55                <action android:name="android.intent.action.MAIN" />
55-->src/main/AndroidManifest.xml:7:9-61
55-->src/main/AndroidManifest.xml:7:17-58
56
57                <category android:name="android.intent.category.LAUNCHER" />
57-->src/main/AndroidManifest.xml:8:9-69
57-->src/main/AndroidManifest.xml:8:19-66
58                <category android:name="com.oculus.intent.category.VR" />
58-->src/main/AndroidManifest.xml:9:9-66
58-->src/main/AndroidManifest.xml:9:19-63
59            </intent-filter>
60
61            <meta-data
61-->src/main/AndroidManifest.xml:11:7-82
62                android:name="unityplayer.UnityActivity"
62-->src/main/AndroidManifest.xml:11:18-58
63                android:value="true" />
63-->src/main/AndroidManifest.xml:11:59-79
64            <meta-data
64-->src/main/AndroidManifest.xml:12:7-78
65                android:name="android.notch_support"
65-->src/main/AndroidManifest.xml:12:18-54
66                android:value="true" />
66-->src/main/AndroidManifest.xml:12:55-75
67            <meta-data
67-->src/main/AndroidManifest.xml:13:7-81
68                android:name="com.oculus.vr.focusaware"
68-->src/main/AndroidManifest.xml:13:18-57
69                android:value="true" />
69-->src/main/AndroidManifest.xml:13:58-78
70        </activity>
71
72        <meta-data
72-->src/main/AndroidManifest.xml:15:5-69
73            android:name="unity.splash-mode"
73-->src/main/AndroidManifest.xml:15:16-48
74            android:value="0" />
74-->src/main/AndroidManifest.xml:15:49-66
75        <meta-data
75-->src/main/AndroidManifest.xml:16:5-74
76            android:name="unity.splash-enable"
76-->src/main/AndroidManifest.xml:16:16-50
77            android:value="True" />
77-->src/main/AndroidManifest.xml:16:51-71
78        <meta-data
78-->src/main/AndroidManifest.xml:17:5-81
79            android:name="notch.config"
79-->src/main/AndroidManifest.xml:17:16-43
80            android:value="portrait|landscape" />
80-->src/main/AndroidManifest.xml:17:44-78
81        <meta-data
81-->src/main/AndroidManifest.xml:18:5-101
82            android:name="unity.build-id"
82-->src/main/AndroidManifest.xml:18:16-45
83            android:value="b71006e9-30c4-4c40-bcc7-d732ae76dfa5" />
83-->src/main/AndroidManifest.xml:18:46-98
84        <meta-data
84-->src/main/AndroidManifest.xml:19:5-87
85            android:name="com.oculus.handtracking.frequency"
85-->src/main/AndroidManifest.xml:19:16-64
86            android:value="LOW" />
86-->src/main/AndroidManifest.xml:19:65-84
87        <meta-data
87-->src/main/AndroidManifest.xml:20:5-97
88            android:name="com.samsung.android.vr.application.mode"
88-->src/main/AndroidManifest.xml:20:16-70
89            android:value="vr_only" />
89-->src/main/AndroidManifest.xml:20:71-94
90        <meta-data
90-->src/main/AndroidManifest.xml:21:5-91
91            android:name="com.unity.xr.oculus.LowOverheadMode"
91-->src/main/AndroidManifest.xml:21:16-66
92            android:value="false" />
92-->src/main/AndroidManifest.xml:21:67-88
93        <meta-data
93-->src/main/AndroidManifest.xml:22:5-90
94            android:name="com.oculus.supportedDevices"
94-->src/main/AndroidManifest.xml:22:16-58
95            android:value="quest|quest2" />
95-->src/main/AndroidManifest.xml:22:59-87
96    </application>
97
98</manifest>